
   RESPONSE:
{"previousRows":"0","currentRows":"0","affectedRows":"0"}
   URL:http://localhost:8081/DSMAPITT/api/admin/troubleTicket/
   TIME:0,028
   STATUS:200
   METHOD:DELETE


   RESPONSE:
{"currentRows":"0"}
   URL:http://localhost:8081/DSMAPITT/api/admin/troubleTicket/count
   TIME:0,050
   STATUS:200
   METHOD:GET


   RESPONSE:
{"id":"693","description":"Description 1","severity":"Medium","type":"Bills, charges or payment","creationDate":"2013-08-20T18:18:40UTC","status":"Submitted","statusChangeReason":"Creation","statusChangeDate":"2013-09-26T18:57:06UTC","relatedObjects":[{"reference":"referenceobject1","involvement":"involvment"},{"reference":"referenceobject3","involvement":"involvment"}],"notes":[{"date":"date","author":"author","text":"text"},{"date":"date","author":"author","text":"text"}],"relatedParties":[{"role":"role","reference":"reference party"},{"role":"role","reference":"reference party"}]}
   URL:http://localhost:8081/DSMAPITT/api/troubleTicket
   TIME:0,071
   STATUS:201
   METHOD:POST
   INPUT FILE:json/create.json


   RESPONSE:
[{"id":"693","description":"Description 1","severity":"Medium","type":"Bills, charges or payment","creationDate":"2013-08-20T18:18:40UTC","status":"Submitted","statusChangeReason":"Creation","statusChangeDate":"2013-09-26T18:57:06UTC","relatedObjects":[{"reference":"referenceobject1","involvement":"involvment"},{"reference":"referenceobject3","involvement":"involvment"}],"notes":[{"date":"date","author":"author","text":"text"},{"date":"date","author":"author","text":"text"}],"relatedParties":[{"role":"role","reference":"reference party"},{"role":"role","reference":"reference party"}]}]
   URL:http://localhost:8081/DSMAPITT/api/troubleTicket/
   TIME:0,326
   STATUS:200
   METHOD:GET


   RESPONSE:
{"id":"693","description":"Description 1","severity":"Medium","type":"Bills, charges or payment","creationDate":"2013-08-20T18:18:40UTC","status":"Acknowledged","statusChangeReason":"trouble ticket is valid","statusChangeDate":"2013-09-26T18:59:03UTC","relatedObjects":[{"reference":"referenceobject1","involvement":"involvment"},{"reference":"referenceobject3","involvement":"involvment"}],"notes":[{"date":"date","author":"author","text":"text"},{"date":"date","author":"author","text":"text"}],"relatedParties":[{"role":"role","reference":"reference party"},{"role":"role","reference":"reference party"}]}
   URL:http://localhost:8081/DSMAPITT/api/troubleTicket/693
   TIME:0,241
   STATUS:201
   METHOD:PATCH
   INPUT FILE:json/patch.json


   RESPONSE:
{"error":{"code":"4002","title":"The status transition is not allowed"},"detail":"current=Acknowledged sent=Acknowledged"}
   URL:http://localhost:8081/DSMAPITT/api/troubleTicket/693
   TIME:0,086
   STATUS:400
   METHOD:PATCH
   INPUT FILE:json/patch.json


   RESPONSE:
{"previousRows":"1","currentRows":"0","affectedRows":"1"}
   URL:http://localhost:8081/DSMAPITT/api/admin/troubleTicket/693
   TIME:0,035
   STATUS:200
   METHOD:DELETE


   RESPONSE:
{"id":"694","description":"Description 1","severity":"Medium","type":"Bills, charges or payment","creationDate":"2013-08-20T18:18:40UTC","status":"Submitted","statusChangeReason":"Creation","statusChangeDate":"2013-09-26T19:00:32UTC","relatedObjects":[{"reference":"referenceobject1","involvement":"involvment"},{"reference":"referenceobject3","involvement":"involvment"}],"notes":[{"date":"date","author":"author","text":"text"},{"date":"date","author":"author","text":"text"}],"relatedParties":[{"role":"role","reference":"reference party"},{"role":"role","reference":"reference party"}]}
   URL:http://localhost:8081/DSMAPITT/api/troubleTicket
   TIME:0,106
   STATUS:201
   METHOD:POST
   INPUT FILE:json/create.json


   RESPONSE:
{"id":"694","description":"Description 1","severity":"Medium","type":"Bills, charges or payment","creationDate":"2013-08-20T18:18:40UTC","status":"Acknowledged","statusChangeReason":"trouble ticket is valid","statusChangeDate":"2013-09-26T19:00:58UTC","relatedObjects":[],"notes":[{"date":"date","author":"author","text":"text"},{"date":"date","author":"author","text":"text"}],"relatedParties":[{"role":"role","reference":"reference party"},{"role":"role","reference":"reference party"}]}
   URL:http://localhost:8081/DSMAPITT/api/troubleTicket/694
   TIME:0,095
   STATUS:201
   METHOD:PATCH
   INPUT FILE:json/patch.json


   RESPONSE:
{"id":"694","description":"Description 1","severity":"Medium","type":"Bills, charges or payment","creationDate":"2013-08-20T18:18:40UTC","status":"Acknowledged","statusChangeReason":"trouble ticket is valid","statusChangeDate":"2013-09-26T19:00:58UTC","notes":[{"date":"date","author":"author","text":"text"},{"date":"date","author":"author","text":"text"}],"relatedParties":[{"role":"role","reference":"reference party"},{"role":"role","reference":"reference party"}]}
   URL:http://localhost:8081/DSMAPITT/api/troubleTicket/694
   TIME:0,705
   STATUS:200
   METHOD:GET


   RESPONSE:
{"error":{"code":"4002","title":"The status transition is not allowed"},"detail":"current=Acknowledged sent=Acknowledged"}
   URL:http://localhost:8081/DSMAPITT/api/troubleTicket/694
   TIME:0,061
   STATUS:400
   METHOD:PATCH
   INPUT FILE:json/patch.json

